<?xml version="1.0" encoding="UTF-8"?>
<testng-results ignored="0" total="1" passed="1" failed="0" skipped="0">
  <reporter-output>
  </reporter-output>
  <suite started-at="2023-12-19T12:14:03 IST" name="Suite" finished-at="2023-12-19T12:14:50 IST" duration-ms="46669">
    <groups>
    </groups>
    <test started-at="2023-12-19T12:14:03 IST" name="Test" finished-at="2023-12-19T12:14:50 IST" duration-ms="46669">
      <class name="TestMobile.LoginTestScript">
        <test-method is-config="true" signature="beforeSuite()[pri:0, instance:TestMobile.LoginTestScript@3d34d211]" started-at="2023-12-19T12:14:02 IST" name="beforeSuite" finished-at="2023-12-19T12:14:03 IST" duration-ms="807" status="PASS">
          <reporter-output>
          </reporter-output>
        </test-method> <!-- beforeSuite -->
        <test-method is-config="true" signature="launchApplication(org.testng.ITestResult)[pri:0, instance:TestMobile.LoginTestScript@3d34d211]" started-at="2023-12-19T12:14:03 IST" name="launchApplication" finished-at="2023-12-19T12:14:31 IST" duration-ms="27912" status="PASS">
          <params>
            <param index="0">
              <value>
                <![CDATA[[TestResult name={null} status=CREATED method=LoginTestScript.login()[pri:0, instance:TestMobile.LoginTestScript@3d34d211] output={null}]]]>
              </value>
            </param>
          </params>
          <reporter-output>
          </reporter-output>
        </test-method> <!-- launchApplication -->
        <test-method signature="login()[pri:0, instance:TestMobile.LoginTestScript@3d34d211]" started-at="2023-12-19T12:14:31 IST" name="login" finished-at="2023-12-19T12:14:49 IST" duration-ms="17748" status="PASS">
          <reporter-output>
          </reporter-output>
        </test-method> <!-- login -->
        <test-method is-config="true" signature="afterMethod(org.testng.ITestResult)[pri:0, instance:TestMobile.LoginTestScript@3d34d211]" started-at="2023-12-19T12:14:49 IST" name="afterMethod" finished-at="2023-12-19T12:14:50 IST" duration-ms="927" status="PASS">
          <params>
            <param index="0">
              <value>
                <![CDATA[[TestResult name=login status=SUCCESS method=LoginTestScript.login()[pri:0, instance:TestMobile.LoginTestScript@3d34d211] output={null}]]]>
              </value>
            </param>
          </params>
          <reporter-output>
          </reporter-output>
        </test-method> <!-- afterMethod -->
        <test-method is-config="true" signature="afterSuite()[pri:0, instance:TestMobile.LoginTestScript@3d34d211]" started-at="2023-12-19T12:14:50 IST" name="afterSuite" finished-at="2023-12-19T12:14:51 IST" duration-ms="1294" status="PASS">
          <reporter-output>
          </reporter-output>
        </test-method> <!-- afterSuite -->
      </class> <!-- TestMobile.LoginTestScript -->
    </test> <!-- Test -->
  </suite> <!-- Suite -->
</testng-results>
